<?xml version="1.0" encoding="UTF-8"?>
<!-- Generated by org.testng.reporters.JUnitReportReporter -->
<testsuite hostname="SRIMAHALAKSHMI" failures="0" tests="3" name="TestNGTraining.Annotation" time="0.008" errors="0" timestamp="2024-07-24T11:20:01 EDT" skipped="0">
  <testcase classname="TestNGTraining.Annotation" name="Automation3" time="0.006"/>
  <system-out/>
  <testcase classname="TestNGTraining.Annotation" name="Automation2" time="0.001"/>
  <system-out/>
  <testcase classname="TestNGTraining.Annotation" name="Automation1" time="0.001"/>
  <system-out/>
</testsuite> <!-- TestNGTraining.Annotation -->
