<?xml version="1.0" encoding="UTF-8"?>
<!-- Generated by org.testng.reporters.JUnitReportReporter -->
<testsuite hostname="SRIMAHALAKSHMI" failures="0" tests="2" name="TestNGTraining.logintest" time="3.832" errors="0" timestamp="2024-07-23T19:26:56 EDT" skipped="0">
  <testcase classname="TestNGTraining.logintest" name="loginappwithinvaliduser" time="2.589"/>
  <system-out/>
  <testcase classname="TestNGTraining.logintest" name="loginappwithvaliduser" time="1.243"/>
  <system-out/>
</testsuite> <!-- TestNGTraining.logintest -->
